{"C:/baps/reactjs-projects/brambles-test/point-of-sale/src/App.tsx": {"path":"C:/baps/reactjs-projects/brambles-test/point-of-sale/src/App.tsx","statementMap":{"0":{"start":{"line":5,"column":2},"end":{"line":8,"column":null}},"1":{"start":{"line":10,"column":1},"end":{"line":4,"column":28}},"2":{"start":{"line":4,"column":28},"end":{"line":4,"column":31}}},"fnMap":{"0":{"name":"Home","decl":{"start":{"line":4,"column":24},"end":{"line":4,"column":28}},"loc":{"start":{"line":4,"column":31},"end":{"line":10,"column":1}}}},"branchMap":{},"s":{"0":4,"1":2,"2":2},"f":{"0":4},"b":{}}
,"C:/baps/reactjs-projects/brambles-test/point-of-sale/src/main.tsx": {"path":"C:/baps/reactjs-projects/brambles-test/point-of-sale/src/main.tsx","statementMap":{"0":{"start":{"line":6,"column":0},"end":{"line":10,"column":null}}},"fnMap":{},"branchMap":{},"s":{"0":2},"f":{},"b":{}}
}
